#
# A fatal error has been detected by the Java Runtime Environment:
#
#  EXCEPTION_ACCESS_VIOLATION (0xc0000005) at pc=0x0000000061dc5890, pid=7504, tid=5780
#
# JRE version: Java(TM) SE Runtime Environment (7.0_45-b18) (build 1.7.0_45-b18)
# Java VM: Java HotSpot(TM) 64-Bit Server VM (24.45-b08 mixed mode windows-amd64 compressed oops)
# Problematic frame:
# V  [jvm.dll+0x225890]
#
# Failed to write core dump. Minidumps are not enabled by default on client versions of Windows
#
# If you would like to submit a bug report, please visit:
#   http://bugreport.sun.com/bugreport/crash.jsp
#

---------------  T H R E A D  ---------------

Current thread (0x000000000fc59000):  JavaThread "Thread-6" [_thread_in_vm, id=5780, stack(0x000000001e5d0000,0x000000001e6d0000)]

siginfo: ExceptionCode=0xc0000005, reading address 0x000000001d5cf0d8

Registers:
RAX=0x00000007df5efce0, RBX=0x000000000fc59000, RCX=0x00000007d6125cd8, RDX=0x000000001d5cf0d8
RSP=0x000000001e6ced80, RBP=0x0000000000000000, RSI=0x0000000000002000, RDI=0x00000007d6123cd0
R8 =0x0000000000000400, R9 =0x00000007d6123ce0, R10=0x0000000002f83064, R11=0x0000000061d7f900
R12=0x000000001d5cd0e0, R13=0x000000077c8e4a68, R14=0x000000001e6ceef8, R15=0x000000000fc59000
RIP=0x0000000061dc5890, EFLAGS=0x0000000000010206

Top of Stack: (sp=0x000000001e6ced80)
0x000000001e6ced80:   000000077c885828 0000000000000000
0x000000001e6ced90:   000000001e6ceda8 000000001e6cedf0
0x000000001e6ceda0:   0000000002f762d3 0000000061d4eb60
0x000000001e6cedb0:   000000001e6cedb0 000000077c987857
0x000000001e6cedc0:   000000001e6cee18 000000077c988408
0x000000001e6cedd0:   0000000000000000 000000077c987860
0x000000001e6cede0:   0000000000000000 0000000002f83090
0x000000001e6cedf0:   0000000002f760f8 000000077c8e4a68
0x000000001e6cee00:   000000001e6cee98 0000000000000002
0x000000001e6cee10:   000000001e6ceed8 0000000000000010
0x000000001e6cee20:   0000000000002000 000000077c987c2b
0x000000001e6cee30:   000000001e6cee70 000000077c988408
0x000000001e6cee40:   0000000000000000 000000077c987c38
0x000000001e6cee50:   0000000000000000 000000001e6cee58
0x000000001e6cee60:   0000000000000000 000000001e6ceef8
0x000000001e6cee70:   000000077c8e7660 0000000000000000 

Instructions: (pc=0x0000000061dc5890)
0x0000000061dc5870:   ef 48 83 c4 28 c3 4a 8d 54 c1 f8 4b 8d 4c c1 f8
0x0000000061dc5880:   4d 85 c0 0f 84 9a 00 00 00 0f 1f 80 00 00 00 00
0x0000000061dc5890:   48 8b 02 48 83 e9 08 48 83 ea 08 49 ff c8 48 89
0x0000000061dc58a0:   41 08 75 ec 48 83 c4 28 c3 a8 03 75 5a 49 c1 e8 


Register to memory mapping:

RAX=0x00000007df5efce0 is an unallocated location in the heap
RBX=0x000000000fc59000 is a thread
RCX=0x00000007d6125cd8 is an unknown value
RDX=0x000000001d5cf0d8 is an unknown value
RSP=0x000000001e6ced80 is pointing into the stack for thread: 0x000000000fc59000
RBP=0x0000000000000000 is an unknown value
RSI=0x0000000000002000 is an unknown value
RDI=0x00000007d6123cd0 is an oop
[B 
 - klass: {type array byte}
 - length: 32768
R8 =0x0000000000000400 is an unknown value
R9 =0x00000007d6123ce0 is an unknown value
R10=0x0000000002f83064 is at code_begin+644 in an Interpreter codelet
method entry point (kind = native)  [0x0000000002f82de0, 0x0000000002f83680]  2208 bytes
R11=0x0000000061d7f900 is an unknown value
R12=0x000000001d5cd0e0 is an unknown value
R13=0x000000077c8e4a68 is an oop
{method} 
 - klass: {other class}
R14=0x000000001e6ceef8 is pointing into the stack for thread: 0x000000000fc59000
R15=0x000000000fc59000 is a thread


Stack: [0x000000001e5d0000,0x000000001e6d0000],  sp=0x000000001e6ced80,  free space=1019k
Native frames: (J=compiled Java code, j=interpreted, Vv=VM code, C=native code)
V  [jvm.dll+0x225890]

[error occurred during error reporting (printing native stack), id 0xc0000005]

Java frames: (J=compiled Java code, j=interpreted, Vv=VM code)
j  sun.misc.Unsafe.copyMemory(Ljava/lang/Object;JLjava/lang/Object;JJ)V+0
j  java.nio.Bits.copyToArray(JLjava/lang/Object;JJJ)V+42
j  java.nio.DirectByteBuffer.get([BII)Ljava/nio/ByteBuffer;+98
j  com.yw.startv.RTSoundEvent$RTAudioStream$AudioDataBox.setData(Lcom/yw/ffmpegj/FFAudioData;)Z+70
j  com.yw.ffmpegj.FFEngine$AudioThread.run()V+855
j  java.lang.Thread.run()V+11
v  ~StubRoutines::call_stub

---------------  P R O C E S S  ---------------

Java Threads: ( => current thread )
=>0x000000000fc59000 JavaThread "Thread-6" [_thread_in_vm, id=5780, stack(0x000000001e5d0000,0x000000001e6d0000)]
  0x000000000fc58800 JavaThread "Thread-5" [_thread_in_Java, id=7328, stack(0x000000001e4d0000,0x000000001e5d0000)]
  0x000000000fc83800 JavaThread "Thread-4" [_thread_in_Java, id=6848, stack(0x000000001e3d0000,0x000000001e4d0000)]
  0x000000000f5ec000 JavaThread "jME3 Audio Thread" daemon [_thread_blocked, id=1976, stack(0x000000001b110000,0x000000001b210000)]
  0x0000000000e1d800 JavaThread "DestroyJavaVM" [_thread_blocked, id=7548, stack(0x0000000002ca0000,0x0000000002da0000)]
  0x000000000f1a2800 JavaThread "LWJGL Renderer Thread" [_thread_blocked, id=7040, stack(0x00000000158f0000,0x00000000159f0000)]
  0x000000000fca6800 JavaThread "TimerQueue" daemon [_thread_blocked, id=2448, stack(0x0000000010d50000,0x0000000010e50000)]
  0x000000000d8e2800 JavaThread "Image Fetcher 0" daemon [_thread_blocked, id=7976, stack(0x0000000010b50000,0x0000000010c50000)]
  0x000000000d82a000 JavaThread "AWT-EventQueue-0" [_thread_blocked, id=7408, stack(0x000000000e4a0000,0x000000000e5a0000)]
  0x000000000d829000 JavaThread "AWT-Windows" daemon [_thread_in_native, id=7960, stack(0x000000000e1f0000,0x000000000e2f0000)]
  0x000000000d7bf800 JavaThread "AWT-Shutdown" [_thread_blocked, id=6720, stack(0x000000000e0f0000,0x000000000e1f0000)]
  0x000000000d7be800 JavaThread "Java2D Disposer" daemon [_thread_blocked, id=3816, stack(0x000000000dff0000,0x000000000e0f0000)]
  0x000000000d624000 JavaThread "Service Thread" daemon [_thread_blocked, id=7584, stack(0x000000000ddf0000,0x000000000def0000)]
  0x000000000d623000 JavaThread "C2 CompilerThread1" daemon [_thread_in_native, id=4208, stack(0x000000000dcf0000,0x000000000ddf0000)]
  0x000000000d61e000 JavaThread "C2 CompilerThread0" daemon [_thread_in_native, id=7836, stack(0x000000000dbf0000,0x000000000dcf0000)]
  0x000000000d61d800 JavaThread "Attach Listener" daemon [_thread_blocked, id=6660, stack(0x000000000daf0000,0x000000000dbf0000)]
  0x0000000002f61800 JavaThread "Signal Dispatcher" daemon [_thread_blocked, id=6824, stack(0x000000000d9f0000,0x000000000daf0000)]
  0x000000000b60c000 JavaThread "Finalizer" daemon [_thread_blocked, id=7428, stack(0x000000000d4f0000,0x000000000d5f0000)]
  0x000000000b605800 JavaThread "Reference Handler" daemon [_thread_blocked, id=5268, stack(0x000000000d3f0000,0x000000000d4f0000)]

Other Threads:
  0x000000000b604800 VMThread [stack: 0x000000000d2f0000,0x000000000d3f0000] [id=5312]
  0x0000000002f68000 WatcherThread [stack: 0x000000000def0000,0x000000000dff0000] [id=3352]

VM state:not at safepoint (normal execution)

VM Mutex/Monitor currently owned by a thread: None

Heap
 PSYoungGen      total 38400K, used 17497K [0x00000007d5e00000, 0x00000007d8880000, 0x0000000800000000)
  eden space 33280K, 37% used [0x00000007d5e00000,0x00000007d6a17c88,0x00000007d7e80000)
  from space 5120K, 99% used [0x00000007d7e80000,0x00000007d837ea30,0x00000007d8380000)
  to   space 5120K, 0% used [0x00000007d8380000,0x00000007d8380000,0x00000007d8880000)
 ParOldGen       total 86016K, used 6801K [0x0000000781a00000, 0x0000000786e00000, 0x00000007d5e00000)
  object space 86016K, 7% used [0x0000000781a00000,0x00000007820a4738,0x0000000786e00000)
 PSPermGen       total 21504K, used 17495K [0x000000077c800000, 0x000000077dd00000, 0x0000000781a00000)
  object space 21504K, 81% used [0x000000077c800000,0x000000077d915da8,0x000000077dd00000)

Card table byte_map: [0x0000000005f70000,0x0000000006390000] byte_map_base: 0x000000000238c000

Polling page: 0x0000000000df0000

Code Cache  [0x0000000002f70000, 0x00000000031e0000, 0x0000000005f70000)
 total_blobs=787 nmethods=214 adapters=523 free_code_cache=48130Kb largest_free_block=49263744

Compilation events (10 events):
Event: 2.673 Thread 0x000000000d623000 nmethod 197 0x000000000306b590 code [0x000000000306b6c0, 0x000000000306b738]
Event: 2.673 Thread 0x000000000d623000  198             com.sun.imageio.plugins.png.PNGImageReader::decodePaethFilter (143 bytes)
Event: 2.673 Thread 0x000000000d61e000 nmethod 196 0x000000000306b350 code [0x000000000306b480, 0x000000000306b518]
Event: 2.674 Thread 0x000000000d61e000  199             java.util.LinkedHashMap::access$100 (5 bytes)
Event: 2.674 Thread 0x000000000d61e000 nmethod 199 0x000000000306b110 code [0x000000000306b240, 0x000000000306b298]
Event: 2.675 Thread 0x000000000d61e000  202             sun.reflect.Reflection::quickCheckMemberAccess (10 bytes)
Event: 2.676 Thread 0x000000000d61e000 nmethod 202 0x000000000306bf90 code [0x000000000306c0c0, 0x000000000306c138]
Event: 2.676 Thread 0x000000000d61e000  203             java.lang.reflect.Field::getDeclaringClass (5 bytes)
Event: 2.676 Thread 0x000000000d61e000 nmethod 203 0x0000000003068a90 code [0x0000000003068bc0, 0x0000000003068c38]
Event: 2.676 Thread 0x000000000d61e000  204             java.lang.reflect.Field::getFieldAccessor (35 bytes)

GC Heap History (2 events):
Event: 2.390 GC heap before
{Heap before GC invocations=1 (full 0):
 PSYoungGen      total 38400K, used 33280K [0x00000007d5e00000, 0x00000007d8880000, 0x0000000800000000)
  eden space 33280K, 100% used [0x00000007d5e00000,0x00000007d7e80000,0x00000007d7e80000)
  from space 5120K, 0% used [0x00000007d8380000,0x00000007d8380000,0x00000007d8880000)
  to   space 5120K, 0% used [0x00000007d7e80000,0x00000007d7e80000,0x00000007d8380000)
 ParOldGen       total 86016K, used 0K [0x0000000781a00000, 0x0000000786e00000, 0x00000007d5e00000)
  object space 86016K, 0% used [0x0000000781a00000,0x0000000781a00000,0x0000000786e00000)
 PSPermGen       total 21504K, used 15665K [0x000000077c800000, 0x000000077dd00000, 0x0000000781a00000)
  object space 21504K, 72% used [0x000000077c800000,0x000000077d74c778,0x000000077dd00000)
Event: 2.402 GC heap after
Heap after GC invocations=1 (full 0):
 PSYoungGen      total 38400K, used 5114K [0x00000007d5e00000, 0x00000007d8880000, 0x0000000800000000)
  eden space 33280K, 0% used [0x00000007d5e00000,0x00000007d5e00000,0x00000007d7e80000)
  from space 5120K, 99% used [0x00000007d7e80000,0x00000007d837ea30,0x00000007d8380000)
  to   space 5120K, 0% used [0x00000007d8380000,0x00000007d8380000,0x00000007d8880000)
 ParOldGen       total 86016K, used 6801K [0x0000000781a00000, 0x0000000786e00000, 0x00000007d5e00000)
  object space 86016K, 7% used [0x0000000781a00000,0x00000007820a4738,0x0000000786e00000)
 PSPermGen       total 21504K, used 15665K [0x000000077c800000, 0x000000077dd00000, 0x0000000781a00000)
  object space 21504K, 72% used [0x000000077c800000,0x000000077d74c778,0x000000077dd00000)
}

Deoptimization events (10 events):
Event: 2.560 Thread 0x000000000f1a2800 Uncommon trap: reason=unreached action=reinterpret pc=0x00000000030496e8 method=java.io.DataOutputStream.writeUTF(Ljava/lang/String;Ljava/io/DataOutput;)I @ 128
Event: 2.573 Thread 0x000000000f1a2800 Uncommon trap: reason=class_check action=maybe_recompile pc=0x000000000305a3ac method=sun.misc.ProxyGenerator$ConstantPool$IndirectEntry.equals(Ljava/lang/Object;)Z @ 1
Event: 2.573 Thread 0x000000000f1a2800 Uncommon trap: reason=class_check action=maybe_recompile pc=0x000000000305a3ac method=sun.misc.ProxyGenerator$ConstantPool$IndirectEntry.equals(Ljava/lang/Object;)Z @ 1
Event: 2.581 Thread 0x000000000f1a2800 Uncommon trap: reason=class_check action=maybe_recompile pc=0x000000000305a3ac method=sun.misc.ProxyGenerator$ConstantPool$IndirectEntry.equals(Ljava/lang/Object;)Z @ 1
Event: 2.581 Thread 0x000000000f1a2800 Uncommon trap: reason=class_check action=maybe_recompile pc=0x0000000003060538 method=sun.misc.ProxyGenerator$ConstantPool$IndirectEntry.equals(Ljava/lang/Object;)Z @ 1
Event: 2.581 Thread 0x000000000f1a2800 Uncommon trap: reason=class_check action=maybe_recompile pc=0x000000000305a3ac method=sun.misc.ProxyGenerator$ConstantPool$IndirectEntry.equals(Ljava/lang/Object;)Z @ 1
Event: 2.612 Thread 0x000000000f1a2800 Uncommon trap: reason=array_check action=maybe_recompile pc=0x0000000003051cc4 method=java.util.AbstractCollection.toArray([Ljava/lang/Object;)[Ljava/lang/Object; @ 119
Event: 2.633 Thread 0x000000000f1a2800 Uncommon trap: reason=array_check action=maybe_recompile pc=0x0000000003051cc4 method=java.util.AbstractCollection.toArray([Ljava/lang/Object;)[Ljava/lang/Object; @ 119
Event: 2.634 Thread 0x000000000f1a2800 Uncommon trap: reason=array_check action=maybe_recompile pc=0x0000000003051cc4 method=java.util.AbstractCollection.toArray([Ljava/lang/Object;)[Ljava/lang/Object; @ 119
Event: 2.635 Thread 0x000000000f1a2800 Uncommon trap: reason=array_check action=maybe_recompile pc=0x0000000003051cc4 method=java.util.AbstractCollection.toArray([Ljava/lang/Object;)[Ljava/lang/Object; @ 119

Internal exceptions (10 events):
Event: 2.655 Thread 0x000000000f1a2800 Threw 0x00000007d67d3d68 at C:\re\jdk7u45\229\hotspot\src\share\vm\prims\jvm.cpp:1244
Event: 2.657 Thread 0x000000000f1a2800 Threw 0x00000007d67f6a00 at C:\re\jdk7u45\229\hotspot\src\share\vm\prims\jvm.cpp:1244
Event: 2.658 Thread 0x000000000f1a2800 Threw 0x00000007d67f81e0 at C:\re\jdk7u45\229\hotspot\src\share\vm\prims\jvm.cpp:1244
Event: 2.666 Thread 0x000000000f1a2800 Threw 0x00000007d6822670 at C:\re\jdk7u45\229\hotspot\src\share\vm\prims\jvm.cpp:1244
Event: 2.666 Thread 0x000000000f1a2800 Threw 0x00000007d6824840 at C:\re\jdk7u45\229\hotspot\src\share\vm\prims\jvm.cpp:1244
Event: 2.667 Thread 0x000000000f1a2800 Threw 0x00000007d6828808 at C:\re\jdk7u45\229\hotspot\src\share\vm\prims\jvm.cpp:1244
Event: 2.667 Thread 0x000000000f1a2800 Threw 0x00000007d6829ff8 at C:\re\jdk7u45\229\hotspot\src\share\vm\prims\jvm.cpp:1244
Event: 2.668 Thread 0x000000000fc83800 Threw 0x00000007d6867078 at C:\re\jdk7u45\229\hotspot\src\share\vm\prims\jvm.cpp:1244
Event: 2.668 Thread 0x000000000f1a2800 Threw 0x00000007d682eec0 at C:\re\jdk7u45\229\hotspot\src\share\vm\prims\jvm.cpp:1244
Event: 2.670 Thread 0x000000000fc59000 Threw 0x00000007d689f6f0 at C:\re\jdk7u45\229\hotspot\src\share\vm\prims\jvm.cpp:1244

Events (10 events):
Event: 2.668 Thread 0x000000000fc58800 Thread added: 0x000000000fc58800
Event: 2.668 Thread 0x000000000fc59000 Thread added: 0x000000000fc59000
Event: 2.668 loading class 0x000000000f801740
Event: 2.668 loading class 0x000000000f801740 done
Event: 2.668 loading class 0x000000000f7f9ff0
Event: 2.668 loading class 0x000000000f7f9ff0 done
Event: 2.669 loading class 0x000000000d6b9cb0
Event: 2.669 loading class 0x000000000d6b9cb0 done
Event: 2.670 loading class 0x000000000f49c790
Event: 2.670 loading class 0x000000000f49c790 done


Dynamic libraries:
0x00007ff6fa530000 - 0x00007ff6fa563000 	C:\Program Files\Java\jre7\bin\javaw.exe
0x00007ffe255b0000 - 0x00007ffe2575a000 	C:\Windows\SYSTEM32\ntdll.dll
0x00007ffe233b0000 - 0x00007ffe234ea000 	C:\Windows\system32\KERNEL32.DLL
0x00007ffe22c20000 - 0x00007ffe22d2f000 	C:\Windows\system32\KERNELBASE.dll
0x00007ffe21510000 - 0x00007ffe21598000 	C:\Windows\system32\apphelp.dll
0x00007ffe1e400000 - 0x00007ffe1e44f000 	C:\Windows\AppPatch\AppPatch64\AcGenral.DLL
0x00007ffe25380000 - 0x00007ffe25427000 	C:\Windows\system32\msvcrt.dll
0x00007ffe226c0000 - 0x00007ffe226eb000 	C:\Windows\SYSTEM32\SspiCli.dll
0x00007ffe25490000 - 0x00007ffe254e1000 	C:\Windows\system32\SHLWAPI.dll
0x00007ffe24ef0000 - 0x00007ffe25061000 	C:\Windows\system32\USER32.dll
0x00007ffe22ea0000 - 0x00007ffe23018000 	C:\Windows\system32\ole32.dll
0x00007ffe237a0000 - 0x00007ffe24bb7000 	C:\Windows\system32\SHELL32.dll
0x00007ffe21ef0000 - 0x00007ffe21f0e000 	C:\Windows\SYSTEM32\USERENV.dll
0x00007ffe25500000 - 0x00007ffe255a5000 	C:\Windows\system32\ADVAPI32.dll
0x00007ffe18090000 - 0x00007ffe180ab000 	C:\Windows\SYSTEM32\MPR.dll
0x00007ffe23260000 - 0x00007ffe23396000 	C:\Windows\system32\RPCRT4.dll
0x00007ffe23020000 - 0x00007ffe23077000 	C:\Windows\SYSTEM32\sechost.dll
0x00007ffe23080000 - 0x00007ffe23256000 	C:\Windows\SYSTEM32\combase.dll
0x00007ffe24bc0000 - 0x00007ffe24d05000 	C:\Windows\system32\GDI32.dll
0x00007ffe22920000 - 0x00007ffe22934000 	C:\Windows\SYSTEM32\profapi.dll
0x00007ffe20f20000 - 0x00007ffe20fbf000 	C:\Windows\SYSTEM32\SHCORE.dll
0x00007ffe25430000 - 0x00007ffe25464000 	C:\Windows\system32\IMM32.DLL
0x00007ffe235b0000 - 0x00007ffe236e9000 	C:\Windows\system32\MSCTF.dll
0x00007ffe228d0000 - 0x00007ffe22904000 	C:\Windows\system32\nvinitx.dll
0x000000000f000000 - 0x000000000f006000 	C:\Program Files\NVIDIA Corporation\CoProcManager\_etoured.dll
0x00007ffe20ac0000 - 0x00007ffe20aed000 	C:\Program Files\NVIDIA Corporation\CoProcManager\nvd3d9wrapx.dll
0x00007ffe24d10000 - 0x00007ffe24ee4000 	C:\Windows\system32\SETUPAPI.dll
0x00007ffe22de0000 - 0x00007ffe22e2a000 	C:\Windows\system32\CFGMGR32.dll
0x00007ffe209e0000 - 0x00007ffe20a02000 	C:\Program Files\NVIDIA Corporation\CoProcManager\nvdxgiwrapx.dll
0x00007ffe20af0000 - 0x00007ffe20d4a000 	C:\Windows\WinSxS\amd64_microsoft.windows.common-controls_6595b64144ccf1df_6.0.9600.17031_none_6242a4b3ecbb55a1\COMCTL32.dll
0x0000000062370000 - 0x0000000062442000 	C:\Program Files\Java\jre7\bin\msvcr100.dll
0x0000000061ba0000 - 0x0000000062369000 	C:\Program Files\Java\jre7\bin\server\jvm.dll
0x00007ffe1ff80000 - 0x00007ffe1ff89000 	C:\Windows\SYSTEM32\WSOCK32.dll
0x00007ffe202f0000 - 0x00007ffe2030f000 	C:\Windows\SYSTEM32\WINMM.dll
0x00007ffe233a0000 - 0x00007ffe233a7000 	C:\Windows\system32\PSAPI.DLL
0x00007ffe234f0000 - 0x00007ffe23548000 	C:\Windows\system32\WS2_32.dll
0x00007ffe20010000 - 0x00007ffe2003a000 	C:\Windows\SYSTEM32\WINMMBASE.dll
0x00007ffe22e90000 - 0x00007ffe22e99000 	C:\Windows\system32\NSI.dll
0x00007ffe21770000 - 0x00007ffe21796000 	C:\Windows\SYSTEM32\DEVOBJ.dll
0x0000000062620000 - 0x000000006262f000 	C:\Program Files\Java\jre7\bin\verify.dll
0x0000000061b70000 - 0x0000000061b98000 	C:\Program Files\Java\jre7\bin\java.dll
0x0000000062600000 - 0x0000000062615000 	C:\Program Files\Java\jre7\bin\zip.dll
0x0000000061990000 - 0x0000000061b25000 	C:\Program Files\Java\jre7\bin\awt.dll
0x00007ffe252c0000 - 0x00007ffe25377000 	C:\Windows\system32\OLEAUT32.dll
0x00007ffe215e0000 - 0x00007ffe21701000 	C:\Windows\system32\uxtheme.dll
0x000000005fe70000 - 0x000000005fe92000 	C:\win8tools\BaiduSd\1.7.0.1166\BDKVDeskBand64.dll
0x00007ffe1fbb0000 - 0x00007ffe1fd48000 	C:\Windows\WinSxS\amd64_microsoft.windows.gdiplus_6595b64144ccf1df_1.1.9600.17056_none_932f2645474c8242\gdiplus.dll
0x00007ffe202d0000 - 0x00007ffe202d7000 	C:\Windows\SYSTEM32\MSIMG32.dll
0x00007ffe20d50000 - 0x00007ffe20d70000 	C:\Windows\system32\dwmapi.dll
0x00007ffe21760000 - 0x00007ffe2176a000 	C:\Windows\SYSTEM32\kernel.appcore.dll
0x00007ffe22850000 - 0x00007ffe2285a000 	C:\Windows\SYSTEM32\CRYPTBASE.dll
0x00007ffe226f0000 - 0x00007ffe22750000 	C:\Windows\SYSTEM32\bcryptPrimitives.dll
0x00007ffe1e3b0000 - 0x00007ffe1e3c1000 	C:\win8tools\Youdao\Dict\6.1.51.3219\WordStrokeHelper64.dll
0x0000000061b50000 - 0x0000000061b69000 	C:\Program Files\Java\jre7\bin\net.dll
0x00007ffe22140000 - 0x00007ffe22198000 	C:\Windows\system32\mswsock.dll
0x0000000061b30000 - 0x0000000061b41000 	C:\Program Files\Java\jre7\bin\nio.dll
0x0000000062b90000 - 0x0000000062bd6000 	C:\Program Files\Java\jre7\bin\fontmanager.dll
0x0000000062b40000 - 0x0000000062b81000 	C:\Program Files\Java\jre7\bin\t2k.dll
0x00007ffe236f0000 - 0x00007ffe23794000 	C:\Windows\SYSTEM32\clbcatq.dll
0x00007ffe18800000 - 0x00007ffe1888b000 	C:\Windows\system32\SogouTSF.ime
0x00007ffe20350000 - 0x00007ffe2035a000 	C:\Windows\system32\VERSION.dll
0x00007ffe1d5d0000 - 0x00007ffe1d600000 	C:\Windows\SYSTEM32\ntmarta.dll
0x00007ffe09ca0000 - 0x00007ffe0a21a000 	C:\Windows\system32\SogouPy.ime
0x00007ffe18720000 - 0x00007ffe187f2000 	C:\win8tools\SogouInput\Components\PicFace\1.0.0.792\PicFace64.dll
0x00007ffe19520000 - 0x00007ffe19541000 	C:\win8tools\SogouInput\Components\SgAppender\1.0.0.203\SgAppender_Dll64.dll
0x00007ffe189b0000 - 0x00007ffe18a03000 	C:\win8tools\SogouInput\Components\SGImeGuard\1.0.0.21\SGImeGuard64.dll
0x00007ffe1ddb0000 - 0x00007ffe1df15000 	C:\Windows\SYSTEM32\PROPSYS.dll
0x00007ffe1b450000 - 0x00007ffe1b5b0000 	C:\Windows\System32\urlmon.dll
0x00007ffe1b8a0000 - 0x00007ffe1bb49000 	C:\Windows\System32\iertutil.dll
0x00007ffe1bb50000 - 0x00007ffe1bd80000 	C:\Windows\System32\WININET.dll
0x00007ffe19b80000 - 0x00007ffe19b8b000 	C:\Windows\SYSTEM32\Secur32.dll
0x00007ffe221a0000 - 0x00007ffe221be000 	C:\Windows\SYSTEM32\CRYPTSP.dll
0x00007ffe21de0000 - 0x00007ffe21e15000 	C:\Windows\system32\rsaenh.dll
0x00007ffe223d0000 - 0x00007ffe223f6000 	C:\Windows\SYSTEM32\bcrypt.dll
0x00007ffe17f30000 - 0x00007ffe17fe5000 	C:\Windows\System32\twinapi.dll
0x00007ffe18b50000 - 0x00007ffe18e0a000 	C:\Windows\System32\actxprxy.dll
0x0000000015480000 - 0x0000000015822000 	C:\win8tools\SogouInput\6.8.0.1146\Resource.dll
0x0000000180000000 - 0x0000000180064000 	E:\eclipse-standardworkspaces\myffmpeg-java\OpenAL64.dll
0x0000000015890000 - 0x00000000158e0000 	E:\eclipse-standardworkspaces\myffmpeg-java\lwjgl64.dll
0x00007ffe0aea0000 - 0x00007ffe0afc1000 	C:\Windows\SYSTEM32\OPENGL32.dll
0x00007ffe0ae70000 - 0x00007ffe0ae9c000 	C:\Windows\SYSTEM32\GLU32.dll
0x00007ffe10d40000 - 0x00007ffe10e34000 	C:\Windows\SYSTEM32\DDRAW.dll
0x00007ffe1eed0000 - 0x00007ffe1eed9000 	C:\Windows\SYSTEM32\DCIMAN32.dll
0x0000000015b50000 - 0x00000000162f4000 	C:\Windows\SYSTEM32\ig75icd64.dll
0x00007ffe1e4a0000 - 0x00007ffe1e8ea000 	C:\Windows\SYSTEM32\igdusc64.dll
0x00007ffe20360000 - 0x00007ffe203ed000 	C:\Windows\SYSTEM32\mscms.dll
0x00007ffe186d0000 - 0x00007ffe18711000 	C:\Windows\SYSTEM32\icm32.dll
0x00007ffe22880000 - 0x00007ffe228c5000 	C:\Windows\SYSTEM32\powrprof.dll
0x00007ffe16f20000 - 0x00007ffe1718e000 	C:\win8tools\Youdao\Dict\6.1.51.3219\TextExtractorImpl64.dll
0x00007ffe1fac0000 - 0x00007ffe1fb23000 	C:\Windows\SYSTEM32\OLEACC.dll
0x00007ffe1fb30000 - 0x00007ffe1fbab000 	C:\Windows\SYSTEM32\WINSPOOL.DRV
0x00007ffe25210000 - 0x00007ffe252aa000 	C:\Windows\system32\COMDLG32.dll
0x00007ffe20930000 - 0x00007ffe20992000 	C:\Windows\System32\MMDevApi.dll
0x00007ffe0ade0000 - 0x00007ffe0ae67000 	C:\Windows\SYSTEM32\dsound.dll
0x00007ffe1aa30000 - 0x00007ffe1aaa6000 	C:\Windows\SYSTEM32\AUDIOSES.DLL
0x00007ffe19660000 - 0x00007ffe19674000 	C:\Windows\system32\napinsp.dll
0x00007ffe19680000 - 0x00007ffe19699000 	C:\Windows\system32\pnrpnsp.dll
0x00007ffe1d100000 - 0x00007ffe1d119000 	C:\Windows\system32\NLAapi.dll
0x00007ffe21f50000 - 0x00007ffe21ff3000 	C:\Windows\SYSTEM32\DNSAPI.dll
0x00007ffe196a0000 - 0x00007ffe196ac000 	C:\Windows\System32\winrnr.dll
0x00007ffe196b0000 - 0x00007ffe196c3000 	C:\Windows\system32\wshbth.dll
0x00007ffe1ad60000 - 0x00007ffe1ad69000 	C:\Windows\System32\rasadhlp.dll
0x00007ffe1ce40000 - 0x00007ffe1ce69000 	C:\Windows\SYSTEM32\IPHLPAPI.DLL
0x00007ffe1ce20000 - 0x00007ffe1ce2a000 	C:\Windows\SYSTEM32\WINNSI.DLL
0x00007ffe1c9f0000 - 0x00007ffe1ca58000 	C:\Windows\System32\fwpuclnt.dll
0x000000001b9e0000 - 0x000000001ba18000 	C:\Users\wang\AppData\Local\Temp\jna-3641859\jna6035042199730316000.dll
0x00000000613d0000 - 0x0000000061988000 	C:\Program Files\Java\jdk1.7.0_45\bin\avformat-55.dll
0x00007ffe229f0000 - 0x00007ffe22bc7000 	C:\Windows\system32\CRYPT32.dll
0x000000001ba90000 - 0x000000001d3c8000 	C:\Program Files\Java\jdk1.7.0_45\bin\avcodec-55.dll
0x0000000062ac0000 - 0x0000000062b3a000 	C:\Program Files\Java\jdk1.7.0_45\bin\avutil-52.dll
0x00007ffe229d0000 - 0x00007ffe229e2000 	C:\Windows\system32\MSASN1.dll
0x000000005fa20000 - 0x000000005fa90000 	C:\Program Files\Java\jdk1.7.0_45\bin\swscale-2.dll
0x00007ffe01ba0000 - 0x00007ffe01d28000 	C:\Windows\SYSTEM32\dbghelp.dll

VM Arguments:
jvm_args: -Dfile.encoding=GBK 
java_command: com.yw.test.TestStarTVRender
Launcher Type: SUN_STANDARD

Environment Variables:
JAVA_HOME=C:\Program Files\Java\jdk1.7.0_45\bin
PATH=C:\Program Files (x86)\NVIDIA Corporation\PhysX\Common;C:\Program Files (x86)\Intel\iCLS Client\;C:\Program Files\Intel\iCLS Client\;C:\Windows\system32;C:\Windows;C:\Windows\System32\Wbem;C:\Windows\System32\WindowsPowerShell\v1.0\;C:\Program Files\Intel\Intel(R) Management Engine Components\DAL;C:\Program Files\Intel\Intel(R) Management Engine Components\IPT;C:\Program Files (x86)\Intel\Intel(R) Management Engine Components\DAL;C:\Program Files (x86)\Intel\Intel(R) Management Engine Components\IPT;C:\Program Files\Java\jdk1.7.0_45\bin;
USERNAME=wang
OS=Windows_NT
PROCESSOR_IDENTIFIER=Intel64 Family 6 Model 60 Stepping 3, GenuineIntel



---------------  S Y S T E M  ---------------

OS: Windows 8 , 64 bit Build 9200 

CPU:total 8 (4 cores per cpu, 2 threads per core) family 6 model 60 stepping 3, cmov, cx8, fxsr, mmx, sse, sse2, sse3, ssse3, sse4.1, sse4.2, popcnt, avx, avx2, aes, erms, ht, tsc, tscinvbit

Memory: 4k page, physical 8274856k(5858776k free), swap 16663464k(13802372k free)

vm_info: Java HotSpot(TM) 64-Bit Server VM (24.45-b08) for windows-amd64 JRE (1.7.0_45-b18), built on Oct  8 2013 05:47:22 by "java_re" with unknown MS VC++:1600

time: Sat Apr 12 13:21:04 2014
elapsed time: 2 seconds

